--2025-11-12 15:13:37--  https://download.mobatek.net/2532025092512146/MobaXterm_Portable_v25.3.zip
Resolving download.mobatek.net (download.mobatek.net)... 46.105.198.129
Connecting to download.mobatek.net (download.mobatek.net)|46.105.198.129|:443... connected.
HTTP request sent, awaiting response... 200 OK
Length: 43269295 (41M) [application/zip]
Saving to: ‘MobaXterm_Portable_v25.3.zip.1’

     0K .......... .......... .......... .......... ..........  0% 16.4K 42m48s
    50K .......... .......... .......... .......... ..........  0% 14.0K 46m24s
   100K .......... .......... .......... .......... ..........  0% 14.2K 47m20s
   150K .......... .......... .......... .......... ..........  0% 12.5K 49m31s
   200K .......... .......... .......... .......... ..........  0% 11.2K 52m1s
   250K .......... .......... .......... .......... ..........  0% 11.7K 53m18s
   300K .......... .......... .......... .......... ..........  0% 9.07K 56m38s
   350K .......... .......... .......... .......... ..........  0% 12.5K 56m27s
   400K .......... .......... .......... .......... ..........  1% 11.4K 56m54s
   450K .......... .......... .......... .......... ..........  1% 7.30K 60m40s
   500K .......... .......... .......... .......... ..........  1% 11.1K 60m48s
   550K .......... .......... .......... .......... ..........  1% 12.4K 60m20s
   600K .......... .......... .......... .......... ..........  1% 8.65K 61m47s
   650K .......... .......... .......... .......... ..........  1% 13.5K 60m58s
   700K .......... .......... .......... .......... ..........  1% 6.48K 63m58s
   750K .......... .......... .......... .......... ..........  1% 10.0K 64m12s
   800K .......... .......... .......... .......... ..........  2% 10.6K 64m11s
   850K .......... .......... .......... .......... ..........  2% 13.4K 63m25s
   900K .......... .......... .......... .......... ..........  2% 12.6K 62m52s
   950K .......... .......... .......... .......... ..........  2% 13.4K 62m13s
  1000K .......... .......... .......... .......... ..........  2% 7.05K 63m49s
  1050K .......... .......... .......... .......... ..........  2% 8.47K 64m31s
  1100K .......... .......... .......... .......... ..........  2% 6.64K 66m7s
  1150K .......... .......... .......... .......... ..........  2% 14.2K 65m18s
  1200K .......... .......... .......... .......... ..........  2% 10.5K 65m13s
  1250K .......... .......... .......... .......... ..........  3% 11.1K 64m59s
  1300K .......... .......... .......... .......... ..........  3% 12.8K 64m29s
  1350K .......... .......... .......... .......... ..........  3% 7.40K 65m23s
  1400K .......... .......... .......... .......... ..........  3% 33.3K 63m46s
  1450K .......... .......... .......... .......... ..........  3% 12.6K 63m21s
  1500K .......... .......... .......... .......... ..........  3% 13.2K 62m53s
  1550K .......... .......... .......... .......... ..........  3% 14.3K 62m20s
  1600K .......... .......... .......... .......... ..........  3% 11.2K 62m11s
  1650K .......... .......... .......... .......... ..........  4% 9.95K 62m17s
  1700K .......... .......... .......... .......... ..........  4% 15.0K 61m43s
  1750K .......... .......... .......... .......... ..........  4% 19.6K 60m53s
  1800K .......... .......... .......... .......... ..........  4% 19.8K 60m5s
  1850K .......... .......... .......... .......... ..........  4% 17.2K 59m28s
  1900K .......... .......... .......... .......... ..........  4% 7.83K 60m4s
  1950K .......... .......... .......... .......... ..........  4% 7.94K 60m36s
  2000K .......... .......... .......... .......... ..........  4% 10.7K 60m35s
  2050K .......... .......... .......... .......... ..........  4% 14.7K 60m9s
  2100K .......... .......... .......... .......... ..........  5% 22.3K 59m22s
  2150K .......... .......... .......... .......... ..........  5% 20.7K 58m41s
  2200K .......... .......... .......... .......... ..........  5% 6.57K 59m34s
  2250K .......... .......... .......... .......... ..........  5% 11.2K 59m29s
  2300K .......... .......... .......... .......... ..........  5% 10.5K 59m30s
  2350K .......... .......... .......... .......... ..........  5% 9.40K 59m40s
  2400K .......... .......... .......... .......... ..........  5% 12.6K 59m27s
  2450K .......... .......... .......... .......... ..........  5% 16.3K 59m0s
  2500K .......... .......... .......... .......... ..........  6% 9.69K 59m7s
  2550K .......... .......... .......... .......... ..........  6% 11.2K 59m2s
  2600K .......... .......... .......... .......... ..........  6% 11.2K 58m57s
  2650K .......... .......... .......... .......... ..........  6% 17.4K 58m30s
  2700K .......... .......... .......... .......... ..........  6% 7.20K 59m1s
  2750K .......... .......... .......... .......... ..........  6% 12.7K 58m49s
  2800K .......... .......... .......... .......... ..........  6% 15.4K 58m28s
  2850K .......... .......... .......... .......... ..........  6% 11.5K 58m22s
  2900K .......... .......... .......... .......... ..........  6% 8.15K 58m40s
  2950K .......... .......... .......... .......... ..........  7% 13.3K 58m26s
  3000K .......... .......... .......... .......... ..........  7% 27.3K 57m48s
  3050K .......... .......... .......... .......... ..........  7% 17.3K 57m24s
  3100K .......... .......... .......... .......... ..........  7% 8.90K 57m35s
  3150K .......... .......... .......... .......... ..........  7% 9.83K 57m38s
  3200K .......... .......... .......... .......... ..........  7% 7.73K 57m58s
  3250K .......... .......... .......... .......... ..........  7% 8.38K 58m12s
  3300K .......... .......... .......... .......... ..........  7% 13.2K 57m59s
  3350K .......... .......... .......... .......... ..........  8% 11.1K 57m55s
  3400K .......... .......... .......... .......... ..........  8% 11.1K 57m51s
  3450K .......... .......... .......... .......... ..........  8% 14.2K 57m36s
  3500K .......... .......... .......... .......... ..........  8% 7.94K 57m52s
  3550K .......... .......... .......... .......... ..........  8% 17.7K 57m29s
  3600K .......... .......... .......... .......... ..........  8% 10.4K 57m29s
  3650K .......... .......... .......... .......... ..........  8% 14.7K 57m13s
  3700K .......... .......... .......... .......... ..........  8% 18.0K 56m51s
  3750K .......... .......... .......... .......... ..........  8% 13.9K 56m38s
  3800K .......... .......... .......... .......... ..........  9% 8.78K 56m47s
  3850K .......... .......... .......... .......... ..........  9% 11.0K 56m43s
  3900K .......... .......... .......... .......... ..........  9% 8.66K 56m52s
  3950K .......... .......... .......... .......... ..........  9% 12.8K 56m42s
  4000K .......... .......... .......... .......... ..........  9% 10.8K 56m40s
  4050K .......... .......... .......... .......... ..........  9% 13.7K 56m28s
  4100K .......... .......... .......... .......... ..........  9% 19.1K 56m7s
  4150K .......... .......... .......... .......... ..........  9% 13.6K 55m55s
  4200K .......... .......... .......... .......... .......... 10% 7.42K 56m12s
  4250K .......... .......... .......... .......... .......... 10% 8.39K 56m21s
  4300K .......... .......... .......... .......... .......... 10% 6.01K 56m50s
  4350K .......... .......... .......... .......... .......... 10% 12.3K 56m42s
  4400K .......... .......... .......... .......... .......... 10% 13.0K 56m32s
  4450K .......... .......... .......... .......... .......... 10% 11.9K 56m25s
  4500K .......... .......... .......... .......... .......... 10% 9.26K 56m28s
  4550K .......... .......... .......... .......... .......... 10% 11.0K 56m24s
  4600K .......... .......... .......... .......... .......... 11% 9.82K 56m24s
  4650K .......... .......... .......... .......... .......... 11% 11.0K 56m20s
  4700K .......... .......... .......... .......... .......... 11% 9.02K 56m24s
  4750K .......... .......... .......... .......... .......... 11% 8.09K 56m32s
  4800K .......... .......... .......... .......... .......... 11% 11.3K 56m27s
  4850K .......... .......... .......... .......... .......... 11% 8.60K 56m32s
  4900K .......... .......... .......... .......... .......... 11% 11.8K 56m25s
  4950K .......... .......... .......... .......... .......... 11% 13.2K 56m15s
  5000K .......... .......... .......... .......... .......... 11% 13.2K 56m5s
  5050K .......... .......... .......... .......... .......... 12% 14.3K 55m53s
  5100K .......... .......... .......... .......... .......... 12% 10.9K 55m49s
  5150K .......... .......... .......... .......... .......... 12% 4.25K 56m36s
  5200K .......... .......... .......... .......... .......... 12% 5.87K 57m0s
  5250K .......... .......... .......... .......... .......... 12% 6.48K 57m17s
  5300K .......... .......... .......... .......... .......... 12% 6.92K 57m30s
  5350K .......... .......... .......... .......... .......... 12% 7.61K 57m38s
  5400K .......... .......... .......... .......... .......... 12% 4.53K 58m16s
  5450K .......... .......... .......... .......... .......... 13% 6.29K 58m33s
  5500K .......... .......... .......... .......... .......... 13% 4.86K 59m4s
  5550K .......... .......... .......... .......... .......... 13% 6.35K 59m19s
  5600K .......... .......... .......... .......... .......... 13% 10.7K 59m13s
  5650K .......... .......... .......... .......... .......... 13% 7.41K 59m21s
  5700K .......... .......... .......... .......... .......... 13% 4.94K 59m49s
  5750K .......... .......... .......... .......... .......... 13% 6.71K 60m0s
  5800K .......... .......... .......... .......... .......... 13% 5.19K 60m24s
  5850K .......... .......... .......... .......... .......... 13% 8.61K 60m25s
  5900K .......... .......... .......... .......... .......... 14% 4.35K 60m59s
  5950K .......... .......... .......... .......... .......... 14% 7.47K 61m4s
  6000K .......... .......... .......... .......... .......... 14% 5.52K 61m23s
  6050K .......... .......... .......... .......... .......... 14% 3.09K 62m24s
  6100K .......... .......... .......... .......... .......... 14% 4.21K 62m58s
  6150K .......... .......... .......... .......... .......... 14% 3.86K 63m38s
  6200K .......... .......... .......... .......... .......... 14% 3.07K 64m36s
  6250K .......... .......... .......... .......... .......... 14% 4.42K 65m4s
  6300K .......... .......... .......... .......... .......... 15% 2.51K 66m20s
  6350K .......... .......... .......... .......... .......... 15% 3.82K 66m57s
  6400K .......... .......... .......... .......... .......... 15% 3.68K 67m36s
  6450K .......... .......... .......... .......... .......... 15% 3.47K 68m18s
  6500K .......... .......... .......... .......... .......... 15% 3.09K 69m10s
  6550K .......... .......... .......... .......... .......... 15% 3.66K 69m46s
  6600K .......... .......... .......... .......... .......... 15% 3.98K 70m16s
  6650K .......... .......... .......... .......... .......... 15% 5.25K 70m29s
  6700K .......... .......... .......... .......... .......... 15% 2.29K 71m47s
  6750K .......... .......... .......... .......... .......... 16% 2.35K 73m0s
  6800K .......... .......... .......... .......... .......... 16% 2.31K 74m14s
  6850K .......... .......... .......... .......... .......... 16% 2.40K 75m22s
  6900K .......... .......... .......... .......... .......... 16% 1.67K 77m16s
  6950K .......... .......... .......... .......... .......... 16% 1.61K 79m13s
  7000K .......... .......... .......... .......... .......... 16% 2.09K 80m31s
  7050K .......... .......... .......... .......... .......... 16% 1.57K 82m28s
  7100K .......... .......... .......... .......... .......... 16% 1.68K 84m13s
  7150K .......... .......... .......... .......... .......... 17% 1.79K 85m47s
  7200K .......... .......... .......... .......... .......... 17% 1.91K 87m10s
  7250K .......... .......... .......... .......... .......... 17% 1.10K 90m4s
  7300K .......... .......... .......... .......... .......... 17%  945  93m37s
  7350K .......... .......... .......... .......... .......... 17% 1018  96m48s
  7400K .......... .......... .......... .......... .......... 17% 1012  99m57s
  7450K .......... .......... .......... .......... .......... 17%  805  1h44m
  7500K .......... .......... .......... .......... .......... 17%  324  1h55m
  7550K .......... .......... .......... .......... .......... 17%  390  2h4m
  7600K .......... .......... .......... .......... .......... 18%  411  2h12m
  7650K .......... .......... .......... .......... .......... 18%  377  2h21m
  7700K .......... .......... .......... .......... .......... 18%  376  2h30m
  7750K .......... .......... .......... .......... .......... 18%  427  2h38m
  7800K .......... .......... .......... .......... .......... 18%  403  2h46m
  7850K .......... .......... .......... .......... .......... 18%  345  2h56m
  7900K .......... .......... .......... .......... .......... 18%  283  3h7m
  7950K .......... .......... .......... .......... .......... 18%  367  3h16m
  8000K .......... .......... .......... .......... .......... 19%  357  3h24m
  8050K .......... .......... .......... .......... .......... 19%  393  3h32m
  8100K .......... .......... .......... ..........